===============================================
Easy_Splunk Execution Log
Script: test_validation
Started: Thu Aug 28 09:46:41 MDT 2025
PID: 71402
User: boneysan
Working Directory: /mnt/d/GitHub/Rhel8_Splunk/Easy_Splunk
===============================================
[2025-08-28 09:46:41] [INFO] Logging initialized - logs available at: /mnt/d/GitHub/Rhel8_Splunk/Easy_Splunk/scripts/validation/logs/run-2025-08-28_094641.log
DBG: run_test entering for 'System resources' at 2025-08-13 12:00:00 UTC
[0;34m[2025-08-13 12:00:00 UTC] [INFO ] âœ” Memory check: 8192MB (>= 4096MB)[0m
[0;34m[2025-08-13 12:00:00 UTC] [INFO ] âœ” CPU check: 4 cores (>= 2)[0m
DBG: run_test entering for 'Disk space' at 2025-08-13 12:00:00 UTC
[0;33m[2025-08-13 12:00:00 UTC] [WARN ] Cannot set permissions; test directory not found: /tmp/tmp.6cUkZ540Oy[0m
[0;31m[2025-08-13 12:00:00 UTC] [ERROR] Insufficient disk space at /tmp/tmp.6cUkZ540Oy: have unknownGB, need 10GB[0m
[ERR TRAP] rc=1 cmd=return 1
[0;34m[2025-08-13 12:00:00 UTC] [INFO ] Performing security configuration audit...[0m
[0;32m[2025-08-13 12:00:00 UTC] [OK   ] PASS: Private key permissions secure[0m
[0;32m[2025-08-13 12:00:00 UTC] [OK   ] PASS: No certificates expiring within 30 days[0m
[0;34m[2025-08-13 12:00:00 UTC] [INFO ] Security audit report written: /tmp/tmp.6cUkZ540Oy/security-audit.txt[0m
DBG: run_test entering for 'Port free' at 2025-08-13 12:00:00 UTC
[0;34m[2025-08-13 12:00:00 UTC] [INFO ] âœ” Port 8080 is available.[0m
DBG: run_test entering for 'RF/SF validation' at 2025-08-13 12:00:00 UTC
[0;34m[2025-08-13 12:00:00 UTC] [INFO ] âœ” RF/SF constraints satisfied (rf=2, sf=1, indexers=3)[0m
[0;31m[2025-08-13 12:00:00 UTC] [ERROR] Replication factor (rf=4) cannot exceed indexer count (indexers=3).[0m
DBG: run_test entering for 'Directory validation' at 2025-08-13 12:00:00 UTC
[0;33m[2025-08-13 12:00:00 UTC] [WARN ] Cannot set permissions; test directory not found: /tmp/tmp.nF39rfdtj8[0m
[0;34m[2025-08-13 12:00:00 UTC] [INFO ] âœ” test dir directory: /tmp/tmp.nF39rfdtj8[0m
[0;34m[2025-08-13 12:00:00 UTC] [INFO ] Performing security configuration audit...[0m
[0;32m[2025-08-13 12:00:00 UTC] [OK   ] PASS: Private key permissions secure[0m
[0;32m[2025-08-13 12:00:00 UTC] [OK   ] PASS: No certificates expiring within 30 days[0m
[0;34m[2025-08-13 12:00:00 UTC] [INFO ] Security audit report written: /tmp/tmp.nF39rfdtj8/security-audit.txt[0m
DBG: run_test entering for 'Input validation' at 2025-08-13 12:00:00 UTC
[0;32m[2025-08-13 12:00:00 UTC] [OK   ] Valid bool input test passed: true -> true[0m
[0;32m[2025-08-13 12:00:00 UTC] [OK   ] Valid size input test passed: 10GB -> 10GB[0m
[0;32m[2025-08-13 12:00:00 UTC] [OK   ] Valid bool input test passed: 1 -> 1[0m
[0;32m[2025-08-13 12:00:00 UTC] [OK   ] Valid uint input test passed: 0 -> 0[0m
[0;32m[2025-08-13 12:00:00 UTC] [OK   ] Valid raw input test passed: test123 -> test123[0m
[0;32m[2025-08-13 12:00:00 UTC] [OK   ] Valid float input test passed: 3.14 -> 3.14[0m
[0;32m[2025-08-13 12:00:00 UTC] [OK   ] Valid bool input test passed: false -> false[0m
[0;32m[2025-08-13 12:00:00 UTC] [OK   ] Valid int input test passed: 123 -> 123[0m
[2025-08-13 12:00:00 UTC] [ERROR] Invalid integer for value: invalid_byte
[ERR TRAP] rc=1 cmd=( "$@" ) >> "${LOG_FILE}" 2>&1
DBG: run_test entering for 'SQL injection prevention' at 2025-08-13 12:00:00 UTC
[2025-08-13 12:00:00 UTC] [ERROR] Potential SQL injection detected: ' OR '1'='1
[ERR TRAP] rc=1 cmd=( "$@" ) >> "${LOG_FILE}" 2>&1
DBG: run_test entering for 'Path traversal protection' at 2025-08-13 12:00:00 UTC
[2025-08-13 12:00:00 UTC] [ERROR] Path is outside allowed directory: /tmp/tmp.D8qQpqFoXl/../../../etc/passwd
[ERR TRAP] rc=1 cmd=( "$@" ) >> "${LOG_FILE}" 2>&1
DBG: run_test entering for 'Config sanitization' at 2025-08-13 12:00:00 UTC
[0;32m[2025-08-13 12:00:00 UTC] [OK   ] Config sanitization test passed: has`backtick -> hasbacktick[0m
[0;32m[2025-08-13 12:00:00 UTC] [OK   ] Config sanitization test passed: has space -> has space[0m
[0;32m[2025-08-13 12:00:00 UTC] [OK   ] Config sanitization test passed: has;semicolon -> hassemicolon[0m
[0;32m[2025-08-13 12:00:00 UTC] [OK   ] Config sanitization test passed: has"quote -> has\"quote[0m
[0;32m[2025-08-13 12:00:00 UTC] [OK   ] Config sanitization test passed: has$dollar -> hasdollar[0m
[0;32m[2025-08-13 12:00:00 UTC] [OK   ] Config sanitization test passed: normal_value -> normal_value[0m
